Analysis & Synthesis report for lcdlab1
Wed Dec 02 21:37:54 2015
Quartus II 64-Bit Version 14.0.0 Build 200 06/17/2014 SJ Web Edition


---------------------
; Table of Contents ;
---------------------
  1. Legal Notice
  2. Analysis & Synthesis Summary
  3. Analysis & Synthesis Settings
  4. Parallel Compilation
  5. Analysis & Synthesis Source Files Read
  6. Analysis & Synthesis Resource Usage Summary
  7. Analysis & Synthesis Resource Utilization by Entity
  8. State Machine - |lcdlab1|LCD_TEST:u1|mLCD_ST
  9. State Machine - |lcdlab1|LCD_TEST:u1|S
 10. State Machine - |lcdlab1|LCD_TEST:u1|LCD_Controller:u0|ST
 11. Registers Removed During Synthesis
 12. Removed Registers Triggering Further Register Optimizations
 13. General Register Statistics
 14. Multiplexer Restructuring Statistics (Restructuring Performed)
 15. Parameter Settings for User Entity Instance: LCD_TEST:u1
 16. Parameter Settings for User Entity Instance: LCD_TEST:u1|LCD_Controller:u0
 17. Port Connectivity Checks: "LCD_TEST:u1"
 18. Post-Synthesis Netlist Statistics for Top Partition
 19. Elapsed Time Per Partition
 20. Analysis & Synthesis Messages
 21. Analysis & Synthesis Suppressed Messages



----------------
; Legal Notice ;
----------------
Copyright (C) 1991-2014 Altera Corporation. All rights reserved.
Your use of Altera Corporation's design tools, logic functions 
and other software and tools, and its AMPP partner logic 
functions, and any output files from any of the foregoing 
(including device programming or simulation files), and any 
associated documentation or information are expressly subject 
to the terms and conditions of the Altera Program License 
Subscription Agreement, the Altera Quartus II License Agreement,
the Altera MegaCore Function License Agreement, or other 
applicable license agreement, including, without limitation, 
that your use is for the sole purpose of programming logic 
devices manufactured by Altera and sold by Altera or its 
authorized distributors.  Please refer to the applicable 
agreement for further details.



+---------------------------------------------------------------------------------+
; Analysis & Synthesis Summary                                                    ;
+------------------------------------+--------------------------------------------+
; Analysis & Synthesis Status        ; Successful - Wed Dec 02 21:37:54 2015      ;
; Quartus II 64-Bit Version          ; 14.0.0 Build 200 06/17/2014 SJ Web Edition ;
; Revision Name                      ; lcdlab1                                    ;
; Top-level Entity Name              ; lcdlab1                                    ;
; Family                             ; Cyclone IV E                               ;
; Total logic elements               ; 121                                        ;
;     Total combinational functions  ; 120                                        ;
;     Dedicated logic registers      ; 72                                         ;
; Total registers                    ; 72                                         ;
; Total pins                         ; 13                                         ;
; Total virtual pins                 ; 0                                          ;
; Total memory bits                  ; 0                                          ;
; Embedded Multiplier 9-bit elements ; 0                                          ;
; Total PLLs                         ; 0                                          ;
+------------------------------------+--------------------------------------------+


+----------------------------------------------------------------------------------------------------------------------+
; Analysis & Synthesis Settings                                                                                        ;
+----------------------------------------------------------------------------+--------------------+--------------------+
; Option                                                                     ; Setting            ; Default Value      ;
+----------------------------------------------------------------------------+--------------------+--------------------+
; Device                                                                     ; EP4CE115F29C7      ;                    ;
; Top-level entity name                                                      ; lcdlab1            ; lcdlab1            ;
; Family name                                                                ; Cyclone IV E       ; Cyclone IV GX      ;
; Use smart compilation                                                      ; Off                ; Off                ;
; Enable parallel Assembler and TimeQuest Timing Analyzer during compilation ; On                 ; On                 ;
; Enable compact report table                                                ; Off                ; Off                ;
; Restructure Multiplexers                                                   ; Auto               ; Auto               ;
; Create Debugging Nodes for IP Cores                                        ; Off                ; Off                ;
; Preserve fewer node names                                                  ; On                 ; On                 ;
; Disable OpenCore Plus hardware evaluation                                  ; Off                ; Off                ;
; Verilog Version                                                            ; Verilog_2001       ; Verilog_2001       ;
; VHDL Version                                                               ; VHDL_1993          ; VHDL_1993          ;
; State Machine Processing                                                   ; Auto               ; Auto               ;
; Safe State Machine                                                         ; Off                ; Off                ;
; Extract Verilog State Machines                                             ; On                 ; On                 ;
; Extract VHDL State Machines                                                ; On                 ; On                 ;
; Ignore Verilog initial constructs                                          ; Off                ; Off                ;
; Iteration limit for constant Verilog loops                                 ; 5000               ; 5000               ;
; Iteration limit for non-constant Verilog loops                             ; 250                ; 250                ;
; Add Pass-Through Logic to Inferred RAMs                                    ; On                 ; On                 ;
; Infer RAMs from Raw Logic                                                  ; On                 ; On                 ;
; Parallel Synthesis                                                         ; On                 ; On                 ;
; DSP Block Balancing                                                        ; Auto               ; Auto               ;
; NOT Gate Push-Back                                                         ; On                 ; On                 ;
; Power-Up Don't Care                                                        ; On                 ; On                 ;
; Remove Redundant Logic Cells                                               ; Off                ; Off                ;
; Remove Duplicate Registers                                                 ; On                 ; On                 ;
; Ignore CARRY Buffers                                                       ; Off                ; Off                ;
; Ignore CASCADE Buffers                                                     ; Off                ; Off                ;
; Ignore GLOBAL Buffers                                                      ; Off                ; Off                ;
; Ignore ROW GLOBAL Buffers                                                  ; Off                ; Off                ;
; Ignore LCELL Buffers                                                       ; Off                ; Off                ;
; Ignore SOFT Buffers                                                        ; On                 ; On                 ;
; Limit AHDL Integers to 32 Bits                                             ; Off                ; Off                ;
; Optimization Technique                                                     ; Balanced           ; Balanced           ;
; Carry Chain Length                                                         ; 70                 ; 70                 ;
; Auto Carry Chains                                                          ; On                 ; On                 ;
; Auto Open-Drain Pins                                                       ; On                 ; On                 ;
; Perform WYSIWYG Primitive Resynthesis                                      ; Off                ; Off                ;
; Auto ROM Replacement                                                       ; On                 ; On                 ;
; Auto RAM Replacement                                                       ; On                 ; On                 ;
; Auto DSP Block Replacement                                                 ; On                 ; On                 ;
; Auto Shift Register Replacement                                            ; Auto               ; Auto               ;
; Allow Shift Register Merging across Hierarchies                            ; Auto               ; Auto               ;
; Auto Clock Enable Replacement                                              ; On                 ; On                 ;
; Strict RAM Replacement                                                     ; Off                ; Off                ;
; Allow Synchronous Control Signals                                          ; On                 ; On                 ;
; Force Use of Synchronous Clear Signals                                     ; Off                ; Off                ;
; Auto RAM Block Balancing                                                   ; On                 ; On                 ;
; Auto RAM to Logic Cell Conversion                                          ; Off                ; Off                ;
; Auto Resource Sharing                                                      ; Off                ; Off                ;
; Allow Any RAM Size For Recognition                                         ; Off                ; Off                ;
; Allow Any ROM Size For Recognition                                         ; Off                ; Off                ;
; Allow Any Shift Register Size For Recognition                              ; Off                ; Off                ;
; Use LogicLock Constraints during Resource Balancing                        ; On                 ; On                 ;
; Ignore translate_off and synthesis_off directives                          ; Off                ; Off                ;
; Timing-Driven Synthesis                                                    ; On                 ; On                 ;
; Report Parameter Settings                                                  ; On                 ; On                 ;
; Report Source Assignments                                                  ; On                 ; On                 ;
; Report Connectivity Checks                                                 ; On                 ; On                 ;
; Ignore Maximum Fan-Out Assignments                                         ; Off                ; Off                ;
; Synchronization Register Chain Length                                      ; 2                  ; 2                  ;
; PowerPlay Power Optimization                                               ; Normal compilation ; Normal compilation ;
; HDL message level                                                          ; Level2             ; Level2             ;
; Suppress Register Optimization Related Messages                            ; Off                ; Off                ;
; Number of Removed Registers Reported in Synthesis Report                   ; 5000               ; 5000               ;
; Number of Swept Nodes Reported in Synthesis Report                         ; 5000               ; 5000               ;
; Number of Inverted Registers Reported in Synthesis Report                  ; 100                ; 100                ;
; Clock MUX Protection                                                       ; On                 ; On                 ;
; Auto Gated Clock Conversion                                                ; Off                ; Off                ;
; Block Design Naming                                                        ; Auto               ; Auto               ;
; SDC constraint protection                                                  ; Off                ; Off                ;
; Synthesis Effort                                                           ; Auto               ; Auto               ;
; Shift Register Replacement - Allow Asynchronous Clear Signal               ; On                 ; On                 ;
; Pre-Mapping Resynthesis Optimization                                       ; Off                ; Off                ;
; Analysis & Synthesis Message Level                                         ; Medium             ; Medium             ;
; Disable Register Merging Across Hierarchies                                ; Auto               ; Auto               ;
; Resource Aware Inference For Block RAM                                     ; On                 ; On                 ;
; Synthesis Seed                                                             ; 1                  ; 1                  ;
+----------------------------------------------------------------------------+--------------------+--------------------+


Parallel compilation was disabled, but you have multiple processors available. Enable parallel compilation to reduce compilation time.
+-------------------------------------+
; Parallel Compilation                ;
+----------------------------+--------+
; Processors                 ; Number ;
+----------------------------+--------+
; Number detected on machine ; 2      ;
; Maximum allowed            ; 1      ;
+----------------------------+--------+


+----------------------------------------------------------------------------------------------------------------------+
; Analysis & Synthesis Source Files Read                                                                               ;
+----------------------------------+-----------------+------------------------+------------------------------+---------+
; File Name with User-Entered Path ; Used in Netlist ; File Type              ; File Name with Absolute Path ; Library ;
+----------------------------------+-----------------+------------------------+------------------------------+---------+
; reset_delay.v                    ; yes             ; User Verilog HDL File  ; D:/LCD TEST/reset_delay.v    ;         ;
; lcdlab1.v                        ; yes             ; User Verilog HDL File  ; D:/LCD TEST/lcdlab1.v        ;         ;
; lcd_test.v                       ; yes             ; User Verilog HDL File  ; D:/LCD TEST/lcd_test.v       ;         ;
; lcd_controller.v                 ; yes             ; User Verilog HDL File  ; D:/LCD TEST/lcd_controller.v ;         ;
+----------------------------------+-----------------+------------------------+------------------------------+---------+


+--------------------------------------------------------------+
; Analysis & Synthesis Resource Usage Summary                  ;
+---------------------------------------------+----------------+
; Resource                                    ; Usage          ;
+---------------------------------------------+----------------+
; Estimated Total logic elements              ; 121            ;
;                                             ;                ;
; Total combinational functions               ; 120            ;
; Logic element usage by number of LUT inputs ;                ;
;     -- 4 input functions                    ; 50             ;
;     -- 3 input functions                    ; 15             ;
;     -- <=2 input functions                  ; 55             ;
;                                             ;                ;
; Logic elements by mode                      ;                ;
;     -- normal mode                          ; 77             ;
;     -- arithmetic mode                      ; 43             ;
;                                             ;                ;
; Total registers                             ; 72             ;
;     -- Dedicated logic registers            ; 72             ;
;     -- I/O registers                        ; 0              ;
;                                             ;                ;
; I/O pins                                    ; 13             ;
; Embedded Multiplier 9-bit elements          ; 0              ;
; Maximum fan-out node                        ; CLOCK_50~input ;
; Maximum fan-out                             ; 72             ;
; Total fan-out                               ; 658            ;
; Average fan-out                             ; 2.91           ;
+---------------------------------------------+----------------+


+------------------------------------------------------------------------------------------------------------------------------------------------------------------------------------------------+
; Analysis & Synthesis Resource Utilization by Entity                                                                                                                                            ;
+----------------------------+-------------------+--------------+-------------+--------------+---------+-----------+------+--------------+----------------------------------------+--------------+
; Compilation Hierarchy Node ; LC Combinationals ; LC Registers ; Memory Bits ; DSP Elements ; DSP 9x9 ; DSP 18x18 ; Pins ; Virtual Pins ; Full Hierarchy Name                    ; Library Name ;
+----------------------------+-------------------+--------------+-------------+--------------+---------+-----------+------+--------------+----------------------------------------+--------------+
; |lcdlab1                   ; 120 (0)           ; 72 (0)       ; 0           ; 0            ; 0       ; 0         ; 13   ; 0            ; |lcdlab1                               ; work         ;
;    |LCD_TEST:u1|           ; 93 (72)           ; 51 (38)      ; 0           ; 0            ; 0       ; 0         ; 0    ; 0            ; |lcdlab1|LCD_TEST:u1                   ; work         ;
;       |LCD_Controller:u0|  ; 21 (21)           ; 13 (13)      ; 0           ; 0            ; 0       ; 0         ; 0    ; 0            ; |lcdlab1|LCD_TEST:u1|LCD_Controller:u0 ; work         ;
;    |Reset_Delay:r0|        ; 27 (27)           ; 21 (21)      ; 0           ; 0            ; 0       ; 0         ; 0    ; 0            ; |lcdlab1|Reset_Delay:r0                ; work         ;
+----------------------------+-------------------+--------------+-------------+--------------+---------+-----------+------+--------------+----------------------------------------+--------------+
Note: For table entries with two numbers listed, the numbers in parentheses indicate the number of resources of the given type used by the specific entity alone. The numbers listed outside of parentheses indicate the total resources of the given type used by the specific entity and all of its sub-entities in the hierarchy.


Encoding Type:  One-Hot
+------------------------------------------------------------------------------------+
; State Machine - |lcdlab1|LCD_TEST:u1|mLCD_ST                                       ;
+----------------+----------------+----------------+----------------+----------------+
; Name           ; mLCD_ST.000011 ; mLCD_ST.000010 ; mLCD_ST.000001 ; mLCD_ST.000000 ;
+----------------+----------------+----------------+----------------+----------------+
; mLCD_ST.000000 ; 0              ; 0              ; 0              ; 0              ;
; mLCD_ST.000001 ; 0              ; 0              ; 1              ; 1              ;
; mLCD_ST.000010 ; 0              ; 1              ; 0              ; 1              ;
; mLCD_ST.000011 ; 1              ; 0              ; 0              ; 1              ;
+----------------+----------------+----------------+----------------+----------------+


Encoding Type:  One-Hot
+------------------------------------------------------------------------------------------------+
; State Machine - |lcdlab1|LCD_TEST:u1|S                                                         ;
+------------+------------+----------+----------+------+------------+----------+----------+------+
; Name       ; S.correct1 ; S.wrong1 ; S.check1 ; S.Q1 ; S.correct0 ; S.wrong0 ; S.check0 ; S.Q0 ;
+------------+------------+----------+----------+------+------------+----------+----------+------+
; S.Q0       ; 0          ; 0        ; 0        ; 0    ; 0          ; 0        ; 0        ; 0    ;
; S.check0   ; 0          ; 0        ; 0        ; 0    ; 0          ; 0        ; 1        ; 1    ;
; S.wrong0   ; 0          ; 0        ; 0        ; 0    ; 0          ; 1        ; 0        ; 1    ;
; S.correct0 ; 0          ; 0        ; 0        ; 0    ; 1          ; 0        ; 0        ; 1    ;
; S.Q1       ; 0          ; 0        ; 0        ; 1    ; 0          ; 0        ; 0        ; 1    ;
; S.check1   ; 0          ; 0        ; 1        ; 0    ; 0          ; 0        ; 0        ; 1    ;
; S.wrong1   ; 0          ; 1        ; 0        ; 0    ; 0          ; 0        ; 0        ; 1    ;
; S.correct1 ; 1          ; 0        ; 0        ; 0    ; 0          ; 0        ; 0        ; 1    ;
+------------+------------+----------+----------+------+------------+----------+----------+------+


Encoding Type:  One-Hot
+-----------------------------------------------------------+
; State Machine - |lcdlab1|LCD_TEST:u1|LCD_Controller:u0|ST ;
+-------+-------+-------+-------+---------------------------+
; Name  ; ST.11 ; ST.10 ; ST.01 ; ST.00                     ;
+-------+-------+-------+-------+---------------------------+
; ST.00 ; 0     ; 0     ; 0     ; 0                         ;
; ST.01 ; 0     ; 0     ; 1     ; 1                         ;
; ST.10 ; 0     ; 1     ; 0     ; 1                         ;
; ST.11 ; 1     ; 0     ; 0     ; 1                         ;
+-------+-------+-------+-------+---------------------------+


+-------------------------------------------------------------------------------+
; Registers Removed During Synthesis                                            ;
+----------------------------------------+--------------------------------------+
; Register name                          ; Reason for Removal                   ;
+----------------------------------------+--------------------------------------+
; LCD_TEST:u1|Answer[0..9]               ; Stuck at GND due to stuck port clock ;
; LCD_TEST:u1|mLCD_ST~8                  ; Lost fanout                          ;
; LCD_TEST:u1|mLCD_ST~9                  ; Lost fanout                          ;
; LCD_TEST:u1|mLCD_ST~10                 ; Lost fanout                          ;
; LCD_TEST:u1|mLCD_ST~11                 ; Lost fanout                          ;
; LCD_TEST:u1|mLCD_ST~12                 ; Lost fanout                          ;
; LCD_TEST:u1|mLCD_ST~13                 ; Lost fanout                          ;
; LCD_TEST:u1|S~4                        ; Lost fanout                          ;
; LCD_TEST:u1|S~5                        ; Lost fanout                          ;
; LCD_TEST:u1|S~6                        ; Lost fanout                          ;
; LCD_TEST:u1|S.Q0                       ; Stuck at GND due to stuck port clear ;
; LCD_TEST:u1|S.check0                   ; Stuck at GND due to stuck port clear ;
; LCD_TEST:u1|S.wrong0                   ; Stuck at GND due to stuck port clear ;
; LCD_TEST:u1|S.correct0                 ; Stuck at GND due to stuck port clear ;
; LCD_TEST:u1|S.Q1                       ; Stuck at GND due to stuck port clear ;
; LCD_TEST:u1|S.check1                   ; Stuck at GND due to stuck port clear ;
; LCD_TEST:u1|S.wrong1                   ; Stuck at GND due to stuck port clear ;
; LCD_TEST:u1|S.correct1                 ; Stuck at GND due to stuck port clear ;
; LCD_TEST:u1|LCD_Controller:u0|ST~8     ; Lost fanout                          ;
; LCD_TEST:u1|LCD_Controller:u0|ST~9     ; Lost fanout                          ;
; Total Number of Removed Registers = 29 ;                                      ;
+----------------------------------------+--------------------------------------+


+-----------------------------------------------------------------------------------------+
; Removed Registers Triggering Further Register Optimizations                             ;
+----------------------+-------------------------+----------------------------------------+
; Register name        ; Reason for Removal      ; Registers Removed due to This Register ;
+----------------------+-------------------------+----------------------------------------+
; LCD_TEST:u1|S.check0 ; Stuck at GND            ; LCD_TEST:u1|S.Q1                       ;
;                      ; due to stuck port clear ;                                        ;
+----------------------+-------------------------+----------------------------------------+


+------------------------------------------------------+
; General Register Statistics                          ;
+----------------------------------------------+-------+
; Statistic                                    ; Value ;
+----------------------------------------------+-------+
; Total registers                              ; 72    ;
; Number of registers using Synchronous Clear  ; 19    ;
; Number of registers using Synchronous Load   ; 0     ;
; Number of registers using Asynchronous Clear ; 51    ;
; Number of registers using Asynchronous Load  ; 0     ;
; Number of registers using Clock Enable       ; 64    ;
; Number of registers using Preset             ; 0     ;
+----------------------------------------------+-------+


+-------------------------------------------------------------------------------------------------------------------------------------------------------------+
; Multiplexer Restructuring Statistics (Restructuring Performed)                                                                                              ;
+--------------------+-----------+---------------+----------------------+------------------------+------------+-----------------------------------------------+
; Multiplexer Inputs ; Bus Width ; Baseline Area ; Area if Restructured ; Saving if Restructured ; Registered ; Example Multiplexer Output                    ;
+--------------------+-----------+---------------+----------------------+------------------------+------------+-----------------------------------------------+
; 3:1                ; 2 bits    ; 4 LEs         ; 2 LEs                ; 2 LEs                  ; Yes        ; |lcdlab1|LCD_TEST:u1|LCD_Controller:u0|mStart ;
; 7:1                ; 2 bits    ; 8 LEs         ; 6 LEs                ; 2 LEs                  ; No         ; |lcdlab1|LCD_TEST:u1|mLCD_ST                  ;
+--------------------+-----------+---------------+----------------------+------------------------+------------+-----------------------------------------------+


+----------------------------------------------------------+
; Parameter Settings for User Entity Instance: LCD_TEST:u1 ;
+----------------+-------+---------------------------------+
; Parameter Name ; Value ; Type                            ;
+----------------+-------+---------------------------------+
; Q0             ; 000   ; Unsigned Binary                 ;
; check0         ; 001   ; Unsigned Binary                 ;
; wrong0         ; 010   ; Unsigned Binary                 ;
; correct0       ; 011   ; Unsigned Binary                 ;
; Q1             ; 100   ; Unsigned Binary                 ;
; check1         ; 101   ; Unsigned Binary                 ;
; wrong1         ; 110   ; Unsigned Binary                 ;
; correct1       ; 111   ; Unsigned Binary                 ;
; LCD_INTIAL     ; 0     ; Signed Integer                  ;
; LCD_LINE1      ; 5     ; Signed Integer                  ;
; LCD_CH_LINE    ; 21    ; Signed Integer                  ;
; LCD_LINE2      ; 22    ; Signed Integer                  ;
; LUT_SIZE       ; 38    ; Signed Integer                  ;
+----------------+-------+---------------------------------+
Note: In order to hide this table in the UI and the text report file, please set the "Show Parameter Settings in Synthesis Report" option in "Analysis and Synthesis Settings -> More Settings" to "Off".


+----------------------------------------------------------------------------+
; Parameter Settings for User Entity Instance: LCD_TEST:u1|LCD_Controller:u0 ;
+----------------+-------+---------------------------------------------------+
; Parameter Name ; Value ; Type                                              ;
+----------------+-------+---------------------------------------------------+
; CLK_Divide     ; 16    ; Signed Integer                                    ;
+----------------+-------+---------------------------------------------------+
Note: In order to hide this table in the UI and the text report file, please set the "Show Parameter Settings in Synthesis Report" option in "Analysis and Synthesis Settings -> More Settings" to "Off".


+-----------------------------------------------------------------------------------------------------------------------------------------------------------------------------+
; Port Connectivity Checks: "LCD_TEST:u1"                                                                                                                                     ;
+----------+--------+----------+----------------------------------------------------------------------------------------------------------------------------------------------+
; Port     ; Type   ; Severity ; Details                                                                                                                                      ;
+----------+--------+----------+----------------------------------------------------------------------------------------------------------------------------------------------+
; answer   ; Input  ; Warning  ; Declared by entity but not connected by instance. If a default value exists, it will be used.  Otherwise, the port will be connected to GND. ;
; submit   ; Input  ; Warning  ; Declared by entity but not connected by instance. If a default value exists, it will be used.  Otherwise, the port will be connected to GND. ;
; clk      ; Input  ; Warning  ; Declared by entity but not connected by instance. If a default value exists, it will be used.  Otherwise, the port will be connected to GND. ;
; rst      ; Input  ; Warning  ; Declared by entity but not connected by instance. If a default value exists, it will be used.  Otherwise, the port will be connected to GND. ;
; redOut   ; Output ; Warning  ; Declared by entity but not connected by instance. Logic that only feeds a dangling port will be removed.                                     ;
; greenOut ; Output ; Warning  ; Declared by entity but not connected by instance. Logic that only feeds a dangling port will be removed.                                     ;
+----------+--------+----------+----------------------------------------------------------------------------------------------------------------------------------------------+


+-----------------------------------------------------+
; Post-Synthesis Netlist Statistics for Top Partition ;
+-----------------------+-----------------------------+
; Type                  ; Count                       ;
+-----------------------+-----------------------------+
; boundary_port         ; 13                          ;
; cycloneiii_ff         ; 72                          ;
;     CLR               ; 6                           ;
;     ENA               ; 19                          ;
;     ENA CLR           ; 26                          ;
;     ENA CLR SCLR      ; 19                          ;
;     plain             ; 2                           ;
; cycloneiii_io_obuf    ; 8                           ;
; cycloneiii_lcell_comb ; 122                         ;
;     arith             ; 43                          ;
;         2 data inputs ; 41                          ;
;         3 data inputs ; 2                           ;
;     normal            ; 79                          ;
;         0 data inputs ; 2                           ;
;         1 data inputs ; 6                           ;
;         2 data inputs ; 8                           ;
;         3 data inputs ; 13                          ;
;         4 data inputs ; 50                          ;
;                       ;                             ;
; Max LUT depth         ; 5.00                        ;
; Average LUT depth     ; 2.46                        ;
+-----------------------+-----------------------------+


+-------------------------------+
; Elapsed Time Per Partition    ;
+----------------+--------------+
; Partition Name ; Elapsed Time ;
+----------------+--------------+
; Top            ; 00:00:03     ;
+----------------+--------------+


+-------------------------------+
; Analysis & Synthesis Messages ;
+-------------------------------+
Info: *******************************************************************
Info: Running Quartus II 64-Bit Analysis & Synthesis
    Info: Version 14.0.0 Build 200 06/17/2014 SJ Web Edition
    Info: Processing started: Wed Dec 02 21:37:44 2015
Info: Command: quartus_map --read_settings_files=on --write_settings_files=off lcdlab1 -c lcdlab1
Warning (20028): Parallel compilation is not licensed and has been disabled
Info (12021): Found 1 design units, including 1 entities, in source file reset_delay.v
    Info (12023): Found entity 1: Reset_Delay
Info (12021): Found 1 design units, including 1 entities, in source file lcdlab1.v
    Info (12023): Found entity 1: lcdlab1
Info (12021): Found 1 design units, including 1 entities, in source file lcd_test.v
    Info (12023): Found entity 1: LCD_TEST
Info (12021): Found 1 design units, including 1 entities, in source file lcd_controller.v
    Info (12023): Found entity 1: LCD_Controller
Info (12127): Elaborating entity "lcdlab1" for the top level hierarchy
Info (12128): Elaborating entity "Reset_Delay" for hierarchy "Reset_Delay:r0"
Info (12128): Elaborating entity "LCD_TEST" for hierarchy "LCD_TEST:u1"
Warning (10036): Verilog HDL or VHDL warning at lcd_test.v(23): object "Question" assigned a value but never read
Info (10264): Verilog HDL Case Statement information at lcd_test.v(184): all case item expressions in this case statement are onehot
Info (12128): Elaborating entity "LCD_Controller" for hierarchy "LCD_TEST:u1|LCD_Controller:u0"
Warning (12241): 1 hierarchies have connectivity warnings - see the Connectivity Checks report folder
Warning (13034): The following nodes have both tri-state and non-tri-state drivers
    Warning (13035): Inserted always-enabled tri-state buffer between "LCD_DATA[0]" and its non-tri-state driver.
    Warning (13035): Inserted always-enabled tri-state buffer between "LCD_DATA[1]" and its non-tri-state driver.
    Warning (13035): Inserted always-enabled tri-state buffer between "LCD_DATA[2]" and its non-tri-state driver.
    Warning (13035): Inserted always-enabled tri-state buffer between "LCD_DATA[3]" and its non-tri-state driver.
    Warning (13035): Inserted always-enabled tri-state buffer between "LCD_DATA[4]" and its non-tri-state driver.
    Warning (13035): Inserted always-enabled tri-state buffer between "LCD_DATA[5]" and its non-tri-state driver.
    Warning (13035): Inserted always-enabled tri-state buffer between "LCD_DATA[6]" and its non-tri-state driver.
    Warning (13035): Inserted always-enabled tri-state buffer between "LCD_DATA[7]" and its non-tri-state driver.
Warning (13009): TRI or OPNDRN buffers permanently enabled
    Warning (13010): Node "LCD_DATA[0]~synth"
    Warning (13010): Node "LCD_DATA[1]~synth"
    Warning (13010): Node "LCD_DATA[2]~synth"
    Warning (13010): Node "LCD_DATA[3]~synth"
    Warning (13010): Node "LCD_DATA[4]~synth"
    Warning (13010): Node "LCD_DATA[5]~synth"
    Warning (13010): Node "LCD_DATA[6]~synth"
    Warning (13010): Node "LCD_DATA[7]~synth"
Warning (13024): Output pins are stuck at VCC or GND
    Warning (13410): Pin "LCD_ON" is stuck at VCC
    Warning (13410): Pin "LCD_RW" is stuck at GND
Info (286030): Timing-Driven Synthesis is running
Info (17049): 11 registers lost all their fanouts during netlist optimizations.
Info (144001): Generated suppressed messages file D:/LCD TEST/output_files/lcdlab1.map.smsg
Info (16010): Generating hard_block partition "hard_block:auto_generated_inst"
    Info (16011): Adding 0 node(s), including 0 DDIO, 0 PLL, 0 transceiver and 0 LCELL
Info (21057): Implemented 135 device resources after synthesis - the final resource count might be different
    Info (21058): Implemented 1 input pins
    Info (21059): Implemented 4 output pins
    Info (21060): Implemented 8 bidirectional pins
    Info (21061): Implemented 122 logic cells
Info: Quartus II 64-Bit Analysis & Synthesis was successful. 0 errors, 24 warnings
    Info: Peak virtual memory: 562 megabytes
    Info: Processing ended: Wed Dec 02 21:37:54 2015
    Info: Elapsed time: 00:00:10
    Info: Total CPU time (on all processors): 00:00:06


+------------------------------------------+
; Analysis & Synthesis Suppressed Messages ;
+------------------------------------------+
The suppressed messages can be found in D:/LCD TEST/output_files/lcdlab1.map.smsg.


